{"timestamp":"2024-03-28T12:56:20.539827Z","level":"INFO","fields":{"message":"something shoudl happen"},"target":"app","filename":"src/bin/app.rs","line_number":44}
{"timestamp":"2024-03-28T18:58:19.248000Z","level":"INFO","fields":{"message":"something shoudl happen"},"target":"app","filename":"src/bin/app.rs","line_number":49}
{"timestamp":"2024-03-28T18:58:41.786890Z","level":"INFO","fields":{"message":"something shoudl happen"},"target":"app","filename":"src/bin/app.rs","line_number":49}
{"timestamp":"2024-03-28T18:59:21.685130Z","level":"INFO","fields":{"message":"something shoudl happen"},"target":"app","filename":"src/bin/app.rs","line_number":49}
{"timestamp":"2024-03-28T18:59:30.679018Z","level":"ERROR","fields":{"message":"DB Connection error","e":"Connection Error: pool timed out while waiting for an open connection"},"target":"auth::connections::db","filename":"src/connections/db.rs","line_number":40}
{"timestamp":"2024-03-28T19:01:03.384471Z","level":"INFO","fields":{"message":"something shoudl happen"},"target":"app","filename":"src/bin/app.rs","line_number":49}
{"timestamp":"2024-03-28T19:01:37.673763Z","level":"ERROR","fields":{"message":"DB Connection error","e":"Connection Error: pool timed out while waiting for an open connection"},"target":"auth::connections::db","filename":"src/connections/db.rs","line_number":40}
{"timestamp":"2024-03-28T19:03:13.289134Z","level":"INFO","fields":{"message":"something shoudl happen"},"target":"app","filename":"src/bin/app.rs","line_number":49}
{"timestamp":"2024-03-28T19:03:22.280631Z","level":"ERROR","fields":{"message":"DB Connection error","e":"Connection Error: pool timed out while waiting for an open connection"},"target":"auth::connections::db","filename":"src/connections/db.rs","line_number":40}
{"timestamp":"2024-03-28T19:04:59.961373Z","level":"INFO","fields":{"message":"something shoudl happen"},"target":"app","filename":"src/bin/app.rs","line_number":49}
{"timestamp":"2024-03-28T19:05:08.958925Z","level":"ERROR","fields":{"message":"DB Connection error","e":"Connection Error: pool timed out while waiting for an open connection"},"target":"auth::connections::db","filename":"src/connections/db.rs","line_number":42}
{"timestamp":"2024-03-28T19:06:51.323771Z","level":"INFO","fields":{"message":"something shoudl happen"},"target":"app","filename":"src/bin/app.rs","line_number":49}
{"timestamp":"2024-03-28T19:07:34.009770Z","level":"INFO","fields":{"message":"something shoudl happen"},"target":"app","filename":"src/bin/app.rs","line_number":49}
{"timestamp":"2024-03-28T19:07:34.113269Z","level":"ERROR","fields":{"message":"DB Connection error","e":"Connection Error: error communicating with database: failed to lookup address information: nodename nor servname provided, or not known"},"target":"auth::connections::db","filename":"src/connections/db.rs","line_number":42}
{"timestamp":"2024-03-28T19:07:58.297086Z","level":"INFO","fields":{"message":"something shoudl happen"},"target":"app","filename":"src/bin/app.rs","line_number":49}
{"timestamp":"2024-03-28T19:07:58.800018Z","level":"DEBUG","fields":{"message":"CONNECTED TO POSTGRES DB"},"target":"auth::connections::db","filename":"src/connections/db.rs","line_number":46}
{"timestamp":"2024-03-28T19:07:58.800384Z","level":"ERROR","fields":{"message":"Could not parse redis url","error":"Url Error: EmptyHost"},"target":"auth::connections::redis","filename":"src/connections/redis.rs","line_number":29,"spans":[{"name":"Redis::connect"}]}
{"timestamp":"2024-03-28T19:08:50.607966Z","level":"INFO","fields":{"message":"something shoudl happen"},"target":"app","filename":"src/bin/app.rs","line_number":49}
{"timestamp":"2024-03-28T19:08:51.199797Z","level":"DEBUG","fields":{"message":"CONNECTED TO POSTGRES DB"},"target":"auth::connections::db","filename":"src/connections/db.rs","line_number":46}
{"timestamp":"2024-03-28T19:08:51.200399Z","level":"ERROR","fields":{"message":"Could not parse redis url","error":"Url Error: EmptyHost"},"target":"auth::connections::redis","filename":"src/connections/redis.rs","line_number":29,"spans":[{"name":"Redis::connect"}]}
{"timestamp":"2024-03-28T19:26:59.152145Z","level":"INFO","fields":{"message":"something shoudl happen"},"target":"app","filename":"src/bin/app.rs","line_number":49}
{"timestamp":"2024-03-28T19:26:59.639232Z","level":"DEBUG","fields":{"message":"CONNECTED TO POSTGRES DB"},"target":"auth::connections::db","filename":"src/connections/db.rs","line_number":50}
{"timestamp":"2024-03-28T19:26:59.639614Z","level":"ERROR","fields":{"message":"Could not parse redis url","error":"Url Error: EmptyHost"},"target":"auth::connections::redis","filename":"src/connections/redis.rs","line_number":29,"spans":[{"name":"Redis::connect"}]}
{"timestamp":"2024-03-28T20:02:51.481008Z","level":"INFO","fields":{"message":"something should happen"},"target":"app","filename":"src/bin/app.rs","line_number":48}
{"timestamp":"2024-03-28T20:02:51.980965Z","level":"DEBUG","fields":{"message":"connected to the DB"},"target":"auth::connections::db","filename":"src/connections/db.rs","line_number":46}
{"timestamp":"2024-03-28T20:02:51.981420Z","level":"ERROR","fields":{"message":"Could not parse redis url","error":"Url Error: EmptyHost"},"target":"auth::connections::redis","filename":"src/connections/redis.rs","line_number":29,"spans":[{"name":"Redis::connect"}]}
{"timestamp":"2024-03-28T20:08:04.095760Z","level":"INFO","fields":{"message":"something should happen"},"target":"app","filename":"src/bin/app.rs","line_number":48}
{"timestamp":"2024-03-28T20:08:04.561126Z","level":"DEBUG","fields":{"message":"connected to the DB"},"target":"auth::connections::db","filename":"src/connections/db.rs","line_number":46}
{"timestamp":"2024-03-28T20:08:04.561535Z","level":"ERROR","fields":{"message":"Could not parse redis url","error":"Url Error: EmptyHost"},"target":"auth::connections::redis","filename":"src/connections/redis.rs","line_number":29,"spans":[{"name":"Redis::connect"}]}
{"timestamp":"2024-03-28T20:09:19.976185Z","level":"INFO","fields":{"message":"something should happen"},"target":"app","filename":"src/bin/app.rs","line_number":48}
{"timestamp":"2024-03-28T20:09:20.452518Z","level":"DEBUG","fields":{"message":"connected to the DB"},"target":"auth::connections::db","filename":"src/connections/db.rs","line_number":45}
{"timestamp":"2024-03-28T20:09:20.452906Z","level":"ERROR","fields":{"message":"Could not parse redis url","error":"Url Error: EmptyHost"},"target":"auth::connections::redis","filename":"src/connections/redis.rs","line_number":29,"spans":[{"name":"Redis::connect"}]}
{"timestamp":"2024-03-28T20:09:53.614395Z","level":"INFO","fields":{"message":"something should happen"},"target":"app","filename":"src/bin/app.rs","line_number":48}
{"timestamp":"2024-03-28T20:09:54.345968Z","level":"DEBUG","fields":{"message":"connected to the DB"},"target":"auth::connections::db","filename":"src/connections/db.rs","line_number":45}
{"timestamp":"2024-03-28T20:09:54.346367Z","level":"ERROR","fields":{"message":"Could not parse redis url","error":"Url Error: EmptyHost"},"target":"auth::connections::redis","filename":"src/connections/redis.rs","line_number":29,"spans":[{"name":"Redis::connect"}]}
